Using pre-set license
Built from '2020.3/release' branch; Version is '2020.3.1f1 (77a89f25062f) revision 7841951'; Using compiler version '192528614'; Build Type 'Release'
OS: 'Windows 10 Pro; OS build 22494.1000; Version 2009; 64bit' Language: 'tr' Physical Memory: 16242 MB
BatchMode: 1, IsHumanControllingUs: 0, StartBugReporterOnCrash: 0, Is64bit: 1, IsPro: 0

 COMMAND LINE ARGUMENTS:
C:\Program Files\2020.3.1f1\Editor\Unity.exe
-adb2
-batchMode
-noUpm
-name
AssetImportWorker0
-projectPath
C:/Users/Hi Games 12/Desktop/Projects/VisualEffectsGraph/VFXGraph
-logFile
Logs/AssetImportWorker0.log
-srvPort
64383
Successfully changed project path to: C:/Users/Hi Games 12/Desktop/Projects/VisualEffectsGraph/VFXGraph
C:/Users/Hi Games 12/Desktop/Projects/VisualEffectsGraph/VFXGraph
Using Asset Import Pipeline V2.
Refreshing native plugins compatible for Editor in 73.29 ms, found 3 plugins.
Preloading 0 native plugins for Editor in 0.00 ms.
Initialize engine version: 2020.3.1f1 (77a89f25062f)
[Subsystems] Discovering subsystems at path C:/Program Files/2020.3.1f1/Editor/Data/Resources/UnitySubsystems
[Subsystems] Discovering subsystems at path C:/Users/Hi Games 12/Desktop/Projects/VisualEffectsGraph/VFXGraph/Assets
GfxDevice: creating device client; threaded=0
Direct3D:
    Version:  Direct3D 11.0 [level 11.1]
    Renderer: NVIDIA GeForce GTX 1650 (ID=0x1f91)
    Vendor:   
    VRAM:     3962 MB
    Driver:   30.0.14.7168
Shader 'Universal Render Pipeline/Particles/Lit': fallback shader 'Universal Render Pipeline/Particles/SimpleLit' not found
Initialize mono
Mono path[0] = 'C:/Program Files/2020.3.1f1/Editor/Data/Managed'
Mono path[1] = 'C:/Program Files/2020.3.1f1/Editor/Data/MonoBleedingEdge/lib/mono/unityjit'
Mono config path = 'C:/Program Files/2020.3.1f1/Editor/Data/MonoBleedingEdge/etc'
Using monoOptions --debugger-agent=transport=dt_socket,embedding=1,server=y,suspend=n,address=127.0.0.1:56492
Begin MonoManager ReloadAssembly
Registering precompiled unity dll's ...
Register platform support module: C:/Program Files/2020.3.1f1/Editor/Data/PlaybackEngines/WindowsStandaloneSupport/UnityEditor.WindowsStandalone.Extensions.dll
Registered in 0.001870 seconds.
Native extension for WindowsStandalone target not found
Refreshing native plugins compatible for Editor in 89.58 ms, found 3 plugins.
Preloading 0 native plugins for Editor in 0.00 ms.
Invoked RoslynAnalysisRunner static constructor.
RoslynAnalysisRunner will not be running.
RoslynAnalysisRunner has terminated.
Mono: successfully reloaded assembly
- Completed reload, in  2.157 seconds
Platform modules already initialized, skipping
Registering precompiled user dll's ...
Registered in 0.002783 seconds.
Begin MonoManager ReloadAssembly
Native extension for WindowsStandalone target not found
Refreshing native plugins compatible for Editor in 75.03 ms, found 3 plugins.
Preloading 0 native plugins for Editor in 0.00 ms.
Invoked RoslynAnalysisRunner static constructor.
RoslynAnalysisRunner will not be running.
RoslynAnalysisRunner has terminated.
Mono: successfully reloaded assembly
- Completed reload, in  1.182 seconds
Platform modules already initialized, skipping
========================================================================
Worker process is ready to serve import requests
Shader 'Universal Render Pipeline/Particles/Lit': fallback shader 'Universal Render Pipeline/Particles/SimpleLit' not found
Launched and connected shader compiler UnityShaderCompiler.exe after 0.05 seconds
Refreshing native plugins compatible for Editor in 0.69 ms, found 3 plugins.
Preloading 0 native plugins for Editor in 0.00 ms.
Unloading 3477 Unused Serialized files (Serialized files now loaded: 0)
System memory in use before: 228.4 MB.
System memory in use after: 228.3 MB.

Unloading 27 unused Assets to reduce memory usage. Loaded Objects now: 3939.
Total: 3.071200 ms (FindLiveObjects: 0.361700 ms CreateObjectMapping: 0.235400 ms MarkObjects: 2.263100 ms  DeleteObjects: 0.210000 ms)

========================================================================
Received Import Request.
  path: Assets/Art/Shaders/Bender
  artifactKey: Guid(076a5c8a5c3dba848843a08f8abdcc79) Importer(815301076,1909f56bfc062723c751e8b465ee728b)
Start importing Assets/Art/Shaders/Bender using Guid(076a5c8a5c3dba848843a08f8abdcc79) Importer(815301076,1909f56bfc062723c751e8b465ee728b)  -> (artifact id: 'bdae6ce28e74aa4f3129848c31e8cbab') in 0.013321 seconds
  Import took 0.020351 seconds .

========================================================================
Received Import Request.
  Time since last request: 12.432484 seconds.
  path: Assets/Art/VFX/VFX_SnowStorm/VFX_Graph_SnowStorm.vfx
  artifactKey: Guid(b98fb4f4fe158b64b9acf07229639635) Importer(815301076,1909f56bfc062723c751e8b465ee728b)
Start importing Assets/Art/VFX/VFX_SnowStorm/VFX_Graph_SnowStorm.vfx using Guid(b98fb4f4fe158b64b9acf07229639635) Importer(815301076,1909f56bfc062723c751e8b465ee728b)  -> (artifact id: '238352662da9af227e10acefe9da19db') in 0.045655 seconds
  Import took 0.052145 seconds .

========================================================================
Received Import Request.
  Time since last request: 53.330502 seconds.
  path: Assets/Art/Shaders/Bender/Spring.shadergraph
  artifactKey: Guid(cbe547db496a10a44b1a8b64333d96e0) Importer(815301076,1909f56bfc062723c751e8b465ee728b)
Start importing Assets/Art/Shaders/Bender/Spring.shadergraph using Guid(cbe547db496a10a44b1a8b64333d96e0) Importer(815301076,1909f56bfc062723c751e8b465ee728b)  -> (artifact id: '69bd0ca1824438f96af3ccef17823528') in 0.012240 seconds
  Import took 0.019209 seconds .

========================================================================
Received Import Request.
  Time since last request: 24.031015 seconds.
  path: Assets/Art/Shaders/Bender/Spring.shadergraph
  artifactKey: Guid(cbe547db496a10a44b1a8b64333d96e0) Importer(815301076,1909f56bfc062723c751e8b465ee728b)
Start importing Assets/Art/Shaders/Bender/Spring.shadergraph using Guid(cbe547db496a10a44b1a8b64333d96e0) Importer(815301076,1909f56bfc062723c751e8b465ee728b)  -> (artifact id: '061d361f510e03ed3f0a01ad3e99c84a') in 0.008317 seconds
  Import took 0.016672 seconds .

========================================================================
Received Import Request.
  Time since last request: 0.004970 seconds.
  path: Assets/Art/Shaders/Bender/Spring.shadergraph
  artifactKey: Guid(cbe547db496a10a44b1a8b64333d96e0) Importer(815301076,1909f56bfc062723c751e8b465ee728b)
Start importing Assets/Art/Shaders/Bender/Spring.shadergraph using Guid(cbe547db496a10a44b1a8b64333d96e0) Importer(815301076,1909f56bfc062723c751e8b465ee728b)  -> (artifact id: '061d361f510e03ed3f0a01ad3e99c84a') in 0.007225 seconds
  Import took 0.012849 seconds .

